-------------------------------------------------------------------------------
Test set: com.example.demo.RecipeSharingAppApplicationTests
-------------------------------------------------------------------------------
Tests run: 1, Failures: 0, Errors: 1, Skipped: 0, Time elapsed: 11.943 s <<< FAILURE! - in com.example.demo.RecipeSharingAppApplicationTests
contextLoads  Time elapsed: 0.012 s  <<< ERROR!
java.lang.IllegalStateException: Failed to load ApplicationContext
Caused by: org.springframework.beans.factory.UnsatisfiedDependencyException: Error creating bean with name 'recipeController': Unsatisfied dependency expressed through field 'mainRepository'; nested exception is org.springframework.beans.factory.BeanCreationException: Error creating bean with name 'mainRepository' defined in com.example.demo.repository.MainRepository defined in @EnableJpaRepositories declared on JpaRepositoriesRegistrar.EnableJpaRepositoriesConfiguration: Invocation of init method failed; nested exception is org.springframework.data.repository.query.QueryCreationException: Could not create query for public abstract com.example.demo.model.Recipe com.example.demo.repository.RecipeRepositoryCustom.createRecipe(com.example.demo.model.Recipe)! Reason: Failed to create query for method public abstract com.example.demo.model.Recipe com.example.demo.repository.RecipeRepositoryCustom.createRecipe(com.example.demo.model.Recipe)! No property 'createRecipe' found for type 'Recipe'!; nested exception is java.lang.IllegalArgumentException: Failed to create query for method public abstract com.example.demo.model.Recipe com.example.demo.repository.RecipeRepositoryCustom.createRecipe(com.example.demo.model.Recipe)! No property 'createRecipe' found for type 'Recipe'!
Caused by: org.springframework.beans.factory.BeanCreationException: Error creating bean with name 'mainRepository' defined in com.example.demo.repository.MainRepository defined in @EnableJpaRepositories declared on JpaRepositoriesRegistrar.EnableJpaRepositoriesConfiguration: Invocation of init method failed; nested exception is org.springframework.data.repository.query.QueryCreationException: Could not create query for public abstract com.example.demo.model.Recipe com.example.demo.repository.RecipeRepositoryCustom.createRecipe(com.example.demo.model.Recipe)! Reason: Failed to create query for method public abstract com.example.demo.model.Recipe com.example.demo.repository.RecipeRepositoryCustom.createRecipe(com.example.demo.model.Recipe)! No property 'createRecipe' found for type 'Recipe'!; nested exception is java.lang.IllegalArgumentException: Failed to create query for method public abstract com.example.demo.model.Recipe com.example.demo.repository.RecipeRepositoryCustom.createRecipe(com.example.demo.model.Recipe)! No property 'createRecipe' found for type 'Recipe'!
Caused by: org.springframework.data.repository.query.QueryCreationException: Could not create query for public abstract com.example.demo.model.Recipe com.example.demo.repository.RecipeRepositoryCustom.createRecipe(com.example.demo.model.Recipe)! Reason: Failed to create query for method public abstract com.example.demo.model.Recipe com.example.demo.repository.RecipeRepositoryCustom.createRecipe(com.example.demo.model.Recipe)! No property 'createRecipe' found for type 'Recipe'!; nested exception is java.lang.IllegalArgumentException: Failed to create query for method public abstract com.example.demo.model.Recipe com.example.demo.repository.RecipeRepositoryCustom.createRecipe(com.example.demo.model.Recipe)! No property 'createRecipe' found for type 'Recipe'!
Caused by: java.lang.IllegalArgumentException: Failed to create query for method public abstract com.example.demo.model.Recipe com.example.demo.repository.RecipeRepositoryCustom.createRecipe(com.example.demo.model.Recipe)! No property 'createRecipe' found for type 'Recipe'!
Caused by: org.springframework.data.mapping.PropertyReferenceException: No property 'createRecipe' found for type 'Recipe'!

